[2026-03-24 21:30:24,051] DESKTOP-68IO8EJ/INFO/locust.main: Starting Locust 2.43.3
[2026-03-24 21:30:24,053] DESKTOP-68IO8EJ/INFO/locust.main: Starting web interface at http://localhost:8089, press enter to open your default browser.
[2026-03-24 21:30:28,048] DESKTOP-68IO8EJ/INFO/locust.main: Shutting down (exit code 0)
[2026-03-24 21:38:38,600] DESKTOP-68IO8EJ/INFO/locust.main: Starting Locust 2.43.3
[2026-03-24 21:38:38,604] DESKTOP-68IO8EJ/INFO/locust.main: Starting web interface at http://localhost:8089, press enter to open your default browser.
[2026-03-24 21:38:50,629] DESKTOP-68IO8EJ/INFO/locust.runners: Shape test starting.
[2026-03-24 21:38:50,631] DESKTOP-68IO8EJ/INFO/locust.runners: Shape worker starting
[2026-03-24 21:38:50,631] DESKTOP-68IO8EJ/INFO/locust.runners: Shape test updating to 30 users at 10.00 spawn rate
[2026-03-24 21:38:50,631] DESKTOP-68IO8EJ/INFO/locust.runners: Ramping to 30 users at a rate of 10.00 per second
[2026-03-24 21:38:52,636] DESKTOP-68IO8EJ/INFO/locust.runners: All users spawned: {"WebsiteUser": 30} (30 total users)
[2026-03-24 21:39:10,733] DESKTOP-68IO8EJ/INFO/locust.runners: Shape test updating to 60 users at 10.00 spawn rate
[2026-03-24 21:39:10,734] DESKTOP-68IO8EJ/INFO/locust.runners: Ramping to 60 users at a rate of 10.00 per second
[2026-03-24 21:39:12,746] DESKTOP-68IO8EJ/INFO/locust.runners: All users spawned: {"WebsiteUser": 60} (60 total users)
[2026-03-24 21:39:30,860] DESKTOP-68IO8EJ/INFO/locust.runners: Shape test updating to 90 users at 10.00 spawn rate
[2026-03-24 21:39:30,860] DESKTOP-68IO8EJ/INFO/locust.runners: Ramping to 90 users at a rate of 10.00 per second
[2026-03-24 21:39:32,875] DESKTOP-68IO8EJ/INFO/locust.runners: All users spawned: {"WebsiteUser": 90} (90 total users)
[2026-03-24 21:39:50,994] DESKTOP-68IO8EJ/INFO/locust.runners: Shape test updating to 120 users at 10.00 spawn rate
[2026-03-24 21:39:50,995] DESKTOP-68IO8EJ/INFO/locust.runners: Ramping to 120 users at a rate of 10.00 per second
[2026-03-24 21:39:53,025] DESKTOP-68IO8EJ/INFO/locust.runners: All users spawned: {"WebsiteUser": 120} (120 total users)
[2026-03-24 21:40:11,094] DESKTOP-68IO8EJ/INFO/locust.runners: Shape test updating to 150 users at 10.00 spawn rate
[2026-03-24 21:40:11,097] DESKTOP-68IO8EJ/INFO/locust.runners: Ramping to 150 users at a rate of 10.00 per second
[2026-03-24 21:40:13,107] DESKTOP-68IO8EJ/INFO/locust.runners: All users spawned: {"WebsiteUser": 150} (150 total users)
[2026-03-24 21:40:31,208] DESKTOP-68IO8EJ/INFO/locust.runners: Shape test updating to 180 users at 10.00 spawn rate
[2026-03-24 21:40:31,210] DESKTOP-68IO8EJ/INFO/locust.runners: Ramping to 180 users at a rate of 10.00 per second
[2026-03-24 21:40:33,226] DESKTOP-68IO8EJ/INFO/locust.runners: All users spawned: {"WebsiteUser": 180} (180 total users)
[2026-03-24 21:40:51,342] DESKTOP-68IO8EJ/INFO/locust.runners: Shape test updating to 210 users at 10.00 spawn rate
[2026-03-24 21:40:51,342] DESKTOP-68IO8EJ/INFO/locust.runners: Ramping to 210 users at a rate of 10.00 per second
[2026-03-24 21:40:53,345] DESKTOP-68IO8EJ/INFO/locust.runners: All users spawned: {"WebsiteUser": 210} (210 total users)
[2026-03-24 21:41:11,471] DESKTOP-68IO8EJ/INFO/locust.runners: Shape test updating to 240 users at 10.00 spawn rate
[2026-03-24 21:41:11,471] DESKTOP-68IO8EJ/INFO/locust.runners: Ramping to 240 users at a rate of 10.00 per second
[2026-03-24 21:41:13,480] DESKTOP-68IO8EJ/INFO/locust.runners: All users spawned: {"WebsiteUser": 240} (240 total users)
[2026-03-24 21:41:31,592] DESKTOP-68IO8EJ/INFO/locust.runners: Shape test updating to 270 users at 10.00 spawn rate
[2026-03-24 21:41:31,592] DESKTOP-68IO8EJ/INFO/locust.runners: Ramping to 270 users at a rate of 10.00 per second
[2026-03-24 21:41:33,613] DESKTOP-68IO8EJ/INFO/locust.runners: All users spawned: {"WebsiteUser": 270} (270 total users)
[2026-03-24 21:41:50,679] DESKTOP-68IO8EJ/INFO/locust.runners: Shape test updating to 300 users at 10.00 spawn rate
[2026-03-24 21:41:50,680] DESKTOP-68IO8EJ/INFO/locust.runners: Ramping to 300 users at a rate of 10.00 per second
[2026-03-24 21:41:52,694] DESKTOP-68IO8EJ/INFO/locust.runners: All users spawned: {"WebsiteUser": 300} (300 total users)
[2026-03-24 21:42:10,778] DESKTOP-68IO8EJ/INFO/locust.runners: Shape test updating to 330 users at 10.00 spawn rate
[2026-03-24 21:42:10,778] DESKTOP-68IO8EJ/INFO/locust.runners: Ramping to 330 users at a rate of 10.00 per second
[2026-03-24 21:42:12,792] DESKTOP-68IO8EJ/INFO/locust.runners: All users spawned: {"WebsiteUser": 330} (330 total users)
[2026-03-24 21:42:30,928] DESKTOP-68IO8EJ/INFO/locust.runners: Shape test updating to 360 users at 10.00 spawn rate
[2026-03-24 21:42:30,929] DESKTOP-68IO8EJ/INFO/locust.runners: Ramping to 360 users at a rate of 10.00 per second
[2026-03-24 21:42:32,933] DESKTOP-68IO8EJ/INFO/locust.runners: All users spawned: {"WebsiteUser": 360} (360 total users)
[2026-03-24 21:42:51,025] DESKTOP-68IO8EJ/INFO/locust.runners: Shape test updating to 390 users at 10.00 spawn rate
[2026-03-24 21:42:51,026] DESKTOP-68IO8EJ/INFO/locust.runners: Ramping to 390 users at a rate of 10.00 per second
[2026-03-24 21:42:53,037] DESKTOP-68IO8EJ/INFO/locust.runners: All users spawned: {"WebsiteUser": 390} (390 total users)
[2026-03-24 21:43:11,165] DESKTOP-68IO8EJ/INFO/locust.runners: Shape test updating to 420 users at 10.00 spawn rate
[2026-03-24 21:43:11,166] DESKTOP-68IO8EJ/INFO/locust.runners: Ramping to 420 users at a rate of 10.00 per second
[2026-03-24 21:43:13,174] DESKTOP-68IO8EJ/INFO/locust.runners: All users spawned: {"WebsiteUser": 420} (420 total users)
[2026-03-24 21:43:31,281] DESKTOP-68IO8EJ/INFO/locust.runners: Shape test updating to 450 users at 10.00 spawn rate
[2026-03-24 21:43:31,281] DESKTOP-68IO8EJ/INFO/locust.runners: Ramping to 450 users at a rate of 10.00 per second
[2026-03-24 21:43:33,283] DESKTOP-68IO8EJ/INFO/locust.runners: All users spawned: {"WebsiteUser": 450} (450 total users)
[2026-03-24 21:43:51,477] DESKTOP-68IO8EJ/INFO/locust.runners: Shape test updating to 480 users at 10.00 spawn rate
[2026-03-24 21:43:51,479] DESKTOP-68IO8EJ/INFO/locust.runners: Ramping to 480 users at a rate of 10.00 per second
[2026-03-24 21:43:53,521] DESKTOP-68IO8EJ/INFO/locust.runners: All users spawned: {"WebsiteUser": 480} (480 total users)
[2026-03-24 21:44:10,912] DESKTOP-68IO8EJ/INFO/locust.runners: Shape test updating to 510 users at 10.00 spawn rate
[2026-03-24 21:44:10,922] DESKTOP-68IO8EJ/INFO/locust.runners: Ramping to 510 users at a rate of 10.00 per second
[2026-03-24 21:44:12,938] DESKTOP-68IO8EJ/INFO/locust.runners: All users spawned: {"WebsiteUser": 510} (510 total users)
[2026-03-24 21:44:31,022] DESKTOP-68IO8EJ/INFO/locust.runners: Shape test updating to 540 users at 10.00 spawn rate
[2026-03-24 21:44:31,022] DESKTOP-68IO8EJ/INFO/locust.runners: Ramping to 540 users at a rate of 10.00 per second
[2026-03-24 21:44:33,038] DESKTOP-68IO8EJ/INFO/locust.runners: All users spawned: {"WebsiteUser": 540} (540 total users)
[2026-03-24 21:44:50,849] DESKTOP-68IO8EJ/INFO/locust.runners: Shape test updating to 570 users at 10.00 spawn rate
[2026-03-24 21:44:50,877] DESKTOP-68IO8EJ/INFO/locust.runners: Ramping to 570 users at a rate of 10.00 per second
[2026-03-24 21:44:52,897] DESKTOP-68IO8EJ/INFO/locust.runners: All users spawned: {"WebsiteUser": 570} (570 total users)
[2026-03-24 21:45:10,998] DESKTOP-68IO8EJ/INFO/locust.runners: Shape test updating to 600 users at 10.00 spawn rate
[2026-03-24 21:45:10,999] DESKTOP-68IO8EJ/INFO/locust.runners: Ramping to 600 users at a rate of 10.00 per second
[2026-03-24 21:45:13,021] DESKTOP-68IO8EJ/INFO/locust.runners: All users spawned: {"WebsiteUser": 600} (600 total users)
[2026-03-24 21:45:31,441] DESKTOP-68IO8EJ/INFO/locust.runners: Shape test updating to 630 users at 10.00 spawn rate
[2026-03-24 21:45:31,445] DESKTOP-68IO8EJ/INFO/locust.runners: Ramping to 630 users at a rate of 10.00 per second
[2026-03-24 21:45:33,468] DESKTOP-68IO8EJ/INFO/locust.runners: All users spawned: {"WebsiteUser": 630} (630 total users)
[2026-03-24 21:45:50,719] DESKTOP-68IO8EJ/INFO/locust.runners: Shape test updating to 660 users at 10.00 spawn rate
[2026-03-24 21:45:50,722] DESKTOP-68IO8EJ/INFO/locust.runners: Ramping to 660 users at a rate of 10.00 per second
[2026-03-24 21:45:52,798] DESKTOP-68IO8EJ/INFO/locust.runners: All users spawned: {"WebsiteUser": 660} (660 total users)
[2026-03-24 21:46:17,269] DESKTOP-68IO8EJ/INFO/locust.main: Shutting down (exit code 1)
[2026-03-25 07:49:24,452] DESKTOP-68IO8EJ/INFO/locust.main: Starting Locust 2.43.3
[2026-03-25 07:49:24,455] DESKTOP-68IO8EJ/INFO/locust.main: Starting web interface at http://localhost:8089, press enter to open your default browser.
[2026-03-25 07:49:36,168] DESKTOP-68IO8EJ/INFO/locust.runners: Shape test starting.
[2026-03-25 07:49:36,169] DESKTOP-68IO8EJ/INFO/locust.runners: Shape worker starting
[2026-03-25 07:49:36,169] DESKTOP-68IO8EJ/INFO/locust.runners: Shape test updating to 30 users at 10.00 spawn rate
[2026-03-25 07:49:36,169] DESKTOP-68IO8EJ/INFO/locust.runners: Ramping to 30 users at a rate of 10.00 per second
[2026-03-25 07:49:38,186] DESKTOP-68IO8EJ/INFO/locust.runners: All users spawned: {"WebsiteUser": 30} (30 total users)
[2026-03-25 07:49:56,290] DESKTOP-68IO8EJ/INFO/locust.runners: Shape test updating to 60 users at 10.00 spawn rate
[2026-03-25 07:49:56,291] DESKTOP-68IO8EJ/INFO/locust.runners: Ramping to 60 users at a rate of 10.00 per second
[2026-03-25 07:49:58,293] DESKTOP-68IO8EJ/INFO/locust.runners: All users spawned: {"WebsiteUser": 60} (60 total users)
[2026-03-25 07:50:16,364] DESKTOP-68IO8EJ/INFO/locust.runners: Shape test updating to 90 users at 10.00 spawn rate
[2026-03-25 07:50:16,365] DESKTOP-68IO8EJ/INFO/locust.runners: Ramping to 90 users at a rate of 10.00 per second
[2026-03-25 07:50:18,365] DESKTOP-68IO8EJ/INFO/locust.runners: All users spawned: {"WebsiteUser": 90} (90 total users)
[2026-03-25 07:50:36,418] DESKTOP-68IO8EJ/INFO/locust.runners: Shape test updating to 120 users at 10.00 spawn rate
[2026-03-25 07:50:36,419] DESKTOP-68IO8EJ/INFO/locust.runners: Ramping to 120 users at a rate of 10.00 per second
[2026-03-25 07:50:38,429] DESKTOP-68IO8EJ/INFO/locust.runners: All users spawned: {"WebsiteUser": 120} (120 total users)
[2026-03-25 07:50:56,505] DESKTOP-68IO8EJ/INFO/locust.runners: Shape test updating to 150 users at 10.00 spawn rate
[2026-03-25 07:50:56,506] DESKTOP-68IO8EJ/INFO/locust.runners: Ramping to 150 users at a rate of 10.00 per second
[2026-03-25 07:50:58,517] DESKTOP-68IO8EJ/INFO/locust.runners: All users spawned: {"WebsiteUser": 150} (150 total users)
[2026-03-25 07:51:16,571] DESKTOP-68IO8EJ/INFO/locust.runners: Shape test updating to 180 users at 10.00 spawn rate
[2026-03-25 07:51:16,571] DESKTOP-68IO8EJ/INFO/locust.runners: Ramping to 180 users at a rate of 10.00 per second
[2026-03-25 07:51:18,578] DESKTOP-68IO8EJ/INFO/locust.runners: All users spawned: {"WebsiteUser": 180} (180 total users)
[2026-03-25 07:51:36,615] DESKTOP-68IO8EJ/INFO/locust.runners: Shape test updating to 210 users at 10.00 spawn rate
[2026-03-25 07:51:36,616] DESKTOP-68IO8EJ/INFO/locust.runners: Ramping to 210 users at a rate of 10.00 per second
[2026-03-25 07:51:38,624] DESKTOP-68IO8EJ/INFO/locust.runners: All users spawned: {"WebsiteUser": 210} (210 total users)
[2026-03-25 07:51:56,692] DESKTOP-68IO8EJ/INFO/locust.runners: Shape test updating to 240 users at 10.00 spawn rate
[2026-03-25 07:51:56,693] DESKTOP-68IO8EJ/INFO/locust.runners: Ramping to 240 users at a rate of 10.00 per second
[2026-03-25 07:51:58,710] DESKTOP-68IO8EJ/INFO/locust.runners: All users spawned: {"WebsiteUser": 240} (240 total users)
[2026-03-25 07:52:16,768] DESKTOP-68IO8EJ/INFO/locust.runners: Shape test updating to 270 users at 10.00 spawn rate
[2026-03-25 07:52:16,769] DESKTOP-68IO8EJ/INFO/locust.runners: Ramping to 270 users at a rate of 10.00 per second
[2026-03-25 07:52:18,790] DESKTOP-68IO8EJ/INFO/locust.runners: All users spawned: {"WebsiteUser": 270} (270 total users)
[2026-03-25 07:52:36,858] DESKTOP-68IO8EJ/INFO/locust.runners: Shape test updating to 300 users at 10.00 spawn rate
[2026-03-25 07:52:36,859] DESKTOP-68IO8EJ/INFO/locust.runners: Ramping to 300 users at a rate of 10.00 per second
[2026-03-25 07:52:38,864] DESKTOP-68IO8EJ/INFO/locust.runners: All users spawned: {"WebsiteUser": 300} (300 total users)
[2026-03-25 07:52:56,981] DESKTOP-68IO8EJ/INFO/locust.runners: Shape test updating to 330 users at 10.00 spawn rate
[2026-03-25 07:52:56,982] DESKTOP-68IO8EJ/INFO/locust.runners: Ramping to 330 users at a rate of 10.00 per second
[2026-03-25 07:52:58,984] DESKTOP-68IO8EJ/INFO/locust.runners: All users spawned: {"WebsiteUser": 330} (330 total users)
[2026-03-25 07:53:17,023] DESKTOP-68IO8EJ/INFO/locust.runners: Shape test updating to 360 users at 10.00 spawn rate
[2026-03-25 07:53:17,024] DESKTOP-68IO8EJ/INFO/locust.runners: Ramping to 360 users at a rate of 10.00 per second
[2026-03-25 07:53:19,047] DESKTOP-68IO8EJ/INFO/locust.runners: All users spawned: {"WebsiteUser": 360} (360 total users)
[2026-03-25 07:53:37,113] DESKTOP-68IO8EJ/INFO/locust.runners: Shape test updating to 390 users at 10.00 spawn rate
[2026-03-25 07:53:37,113] DESKTOP-68IO8EJ/INFO/locust.runners: Ramping to 390 users at a rate of 10.00 per second
[2026-03-25 07:53:39,125] DESKTOP-68IO8EJ/INFO/locust.runners: All users spawned: {"WebsiteUser": 390} (390 total users)
[2026-03-25 07:53:57,164] DESKTOP-68IO8EJ/INFO/locust.runners: Shape test updating to 420 users at 10.00 spawn rate
[2026-03-25 07:53:57,165] DESKTOP-68IO8EJ/INFO/locust.runners: Ramping to 420 users at a rate of 10.00 per second
[2026-03-25 07:53:59,167] DESKTOP-68IO8EJ/INFO/locust.runners: All users spawned: {"WebsiteUser": 420} (420 total users)
[2026-03-25 07:54:16,199] DESKTOP-68IO8EJ/INFO/locust.runners: Shape test updating to 450 users at 10.00 spawn rate
[2026-03-25 07:54:16,201] DESKTOP-68IO8EJ/INFO/locust.runners: Ramping to 450 users at a rate of 10.00 per second
[2026-03-25 07:54:18,211] DESKTOP-68IO8EJ/INFO/locust.runners: All users spawned: {"WebsiteUser": 450} (450 total users)
[2026-03-25 07:54:36,273] DESKTOP-68IO8EJ/INFO/locust.runners: Shape test updating to 480 users at 10.00 spawn rate
[2026-03-25 07:54:36,275] DESKTOP-68IO8EJ/INFO/locust.runners: Ramping to 480 users at a rate of 10.00 per second
[2026-03-25 07:54:38,276] DESKTOP-68IO8EJ/INFO/locust.runners: All users spawned: {"WebsiteUser": 480} (480 total users)
[2026-03-25 07:54:56,339] DESKTOP-68IO8EJ/INFO/locust.runners: Shape test updating to 510 users at 10.00 spawn rate
[2026-03-25 07:54:56,341] DESKTOP-68IO8EJ/INFO/locust.runners: Ramping to 510 users at a rate of 10.00 per second
[2026-03-25 07:54:58,348] DESKTOP-68IO8EJ/INFO/locust.runners: All users spawned: {"WebsiteUser": 510} (510 total users)
[2026-03-25 07:55:16,404] DESKTOP-68IO8EJ/INFO/locust.runners: Shape test updating to 540 users at 10.00 spawn rate
[2026-03-25 07:55:16,405] DESKTOP-68IO8EJ/INFO/locust.runners: Ramping to 540 users at a rate of 10.00 per second
[2026-03-25 07:55:18,508] DESKTOP-68IO8EJ/INFO/locust.runners: All users spawned: {"WebsiteUser": 540} (540 total users)
[2026-03-25 07:55:36,559] DESKTOP-68IO8EJ/INFO/locust.runners: Shape test updating to 570 users at 10.00 spawn rate
[2026-03-25 07:55:36,559] DESKTOP-68IO8EJ/INFO/locust.runners: Ramping to 570 users at a rate of 10.00 per second
[2026-03-25 07:55:38,564] DESKTOP-68IO8EJ/INFO/locust.runners: All users spawned: {"WebsiteUser": 570} (570 total users)
[2026-03-25 07:55:56,593] DESKTOP-68IO8EJ/INFO/locust.runners: Shape test updating to 600 users at 10.00 spawn rate
[2026-03-25 07:55:56,594] DESKTOP-68IO8EJ/INFO/locust.runners: Ramping to 600 users at a rate of 10.00 per second
[2026-03-25 07:55:58,602] DESKTOP-68IO8EJ/INFO/locust.runners: All users spawned: {"WebsiteUser": 600} (600 total users)
[2026-03-25 07:56:16,708] DESKTOP-68IO8EJ/INFO/locust.runners: Shape test updating to 630 users at 10.00 spawn rate
[2026-03-25 07:56:16,709] DESKTOP-68IO8EJ/INFO/locust.runners: Ramping to 630 users at a rate of 10.00 per second
[2026-03-25 07:56:18,734] DESKTOP-68IO8EJ/INFO/locust.runners: All users spawned: {"WebsiteUser": 630} (630 total users)
[2026-03-25 07:56:36,771] DESKTOP-68IO8EJ/INFO/locust.runners: Shape test updating to 660 users at 10.00 spawn rate
[2026-03-25 07:56:36,772] DESKTOP-68IO8EJ/INFO/locust.runners: Ramping to 660 users at a rate of 10.00 per second
[2026-03-25 07:56:38,782] DESKTOP-68IO8EJ/INFO/locust.runners: All users spawned: {"WebsiteUser": 660} (660 total users)
[2026-03-25 07:56:56,859] DESKTOP-68IO8EJ/INFO/locust.runners: Shape test updating to 690 users at 10.00 spawn rate
[2026-03-25 07:56:56,863] DESKTOP-68IO8EJ/INFO/locust.runners: Ramping to 690 users at a rate of 10.00 per second
[2026-03-25 07:56:58,874] DESKTOP-68IO8EJ/INFO/locust.runners: All users spawned: {"WebsiteUser": 690} (690 total users)
[2026-03-25 07:57:13,122] DESKTOP-68IO8EJ/INFO/locust.main: Shutting down (exit code 0)
[2026-03-25 08:06:53,788] DESKTOP-68IO8EJ/INFO/locust.main: Starting Locust 2.43.3
[2026-03-25 08:06:53,789] DESKTOP-68IO8EJ/INFO/locust.main: Starting web interface at http://localhost:8089, press enter to open your default browser.
[2026-03-25 08:07:00,935] DESKTOP-68IO8EJ/INFO/locust.runners: Shape test starting.
[2026-03-25 08:07:00,936] DESKTOP-68IO8EJ/INFO/locust.runners: Shape worker starting
[2026-03-25 08:07:00,936] DESKTOP-68IO8EJ/INFO/locust.runners: Shape test updating to 30 users at 10.00 spawn rate
[2026-03-25 08:07:00,937] DESKTOP-68IO8EJ/INFO/locust.runners: Ramping to 30 users at a rate of 10.00 per second
[2026-03-25 08:07:02,955] DESKTOP-68IO8EJ/INFO/locust.runners: All users spawned: {"WebsiteUser": 30} (30 total users)
[2026-03-25 08:07:21,066] DESKTOP-68IO8EJ/INFO/locust.runners: Shape test updating to 60 users at 10.00 spawn rate
[2026-03-25 08:07:21,067] DESKTOP-68IO8EJ/INFO/locust.runners: Ramping to 60 users at a rate of 10.00 per second
[2026-03-25 08:07:23,076] DESKTOP-68IO8EJ/INFO/locust.runners: All users spawned: {"WebsiteUser": 60} (60 total users)
[2026-03-25 08:07:41,153] DESKTOP-68IO8EJ/INFO/locust.runners: Shape test updating to 90 users at 10.00 spawn rate
[2026-03-25 08:07:41,154] DESKTOP-68IO8EJ/INFO/locust.runners: Ramping to 90 users at a rate of 10.00 per second
[2026-03-25 08:07:43,170] DESKTOP-68IO8EJ/INFO/locust.runners: All users spawned: {"WebsiteUser": 90} (90 total users)
[2026-03-25 08:08:01,266] DESKTOP-68IO8EJ/INFO/locust.runners: Shape test updating to 120 users at 10.00 spawn rate
[2026-03-25 08:08:01,267] DESKTOP-68IO8EJ/INFO/locust.runners: Ramping to 120 users at a rate of 10.00 per second
[2026-03-25 08:08:03,274] DESKTOP-68IO8EJ/INFO/locust.runners: All users spawned: {"WebsiteUser": 120} (120 total users)
[2026-03-25 08:08:21,408] DESKTOP-68IO8EJ/INFO/locust.runners: Shape test updating to 150 users at 10.00 spawn rate
[2026-03-25 08:08:21,409] DESKTOP-68IO8EJ/INFO/locust.runners: Ramping to 150 users at a rate of 10.00 per second
[2026-03-25 08:08:23,420] DESKTOP-68IO8EJ/INFO/locust.runners: All users spawned: {"WebsiteUser": 150} (150 total users)
[2026-03-25 08:08:41,486] DESKTOP-68IO8EJ/INFO/locust.runners: Shape test updating to 180 users at 10.00 spawn rate
[2026-03-25 08:08:41,486] DESKTOP-68IO8EJ/INFO/locust.runners: Ramping to 180 users at a rate of 10.00 per second
[2026-03-25 08:08:43,491] DESKTOP-68IO8EJ/INFO/locust.runners: All users spawned: {"WebsiteUser": 180} (180 total users)
[2026-03-25 08:09:01,531] DESKTOP-68IO8EJ/INFO/locust.runners: Shape test updating to 210 users at 10.00 spawn rate
[2026-03-25 08:09:01,532] DESKTOP-68IO8EJ/INFO/locust.runners: Ramping to 210 users at a rate of 10.00 per second
[2026-03-25 08:09:03,543] DESKTOP-68IO8EJ/INFO/locust.runners: All users spawned: {"WebsiteUser": 210} (210 total users)
[2026-03-25 08:09:21,631] DESKTOP-68IO8EJ/INFO/locust.runners: Shape test updating to 240 users at 10.00 spawn rate
[2026-03-25 08:09:21,631] DESKTOP-68IO8EJ/INFO/locust.runners: Ramping to 240 users at a rate of 10.00 per second
[2026-03-25 08:09:23,653] DESKTOP-68IO8EJ/INFO/locust.runners: All users spawned: {"WebsiteUser": 240} (240 total users)
[2026-03-25 08:09:41,738] DESKTOP-68IO8EJ/INFO/locust.runners: Shape test updating to 270 users at 10.00 spawn rate
[2026-03-25 08:09:41,738] DESKTOP-68IO8EJ/INFO/locust.runners: Ramping to 270 users at a rate of 10.00 per second
[2026-03-25 08:09:43,740] DESKTOP-68IO8EJ/INFO/locust.runners: All users spawned: {"WebsiteUser": 270} (270 total users)
[2026-03-25 08:10:01,818] DESKTOP-68IO8EJ/INFO/locust.runners: Shape test updating to 300 users at 10.00 spawn rate
[2026-03-25 08:10:01,820] DESKTOP-68IO8EJ/INFO/locust.runners: Ramping to 300 users at a rate of 10.00 per second
[2026-03-25 08:10:03,821] DESKTOP-68IO8EJ/INFO/locust.runners: All users spawned: {"WebsiteUser": 300} (300 total users)
[2026-03-25 08:10:21,905] DESKTOP-68IO8EJ/INFO/locust.runners: Shape test updating to 330 users at 10.00 spawn rate
[2026-03-25 08:10:21,906] DESKTOP-68IO8EJ/INFO/locust.runners: Ramping to 330 users at a rate of 10.00 per second
[2026-03-25 08:10:23,925] DESKTOP-68IO8EJ/INFO/locust.runners: All users spawned: {"WebsiteUser": 330} (330 total users)
[2026-03-25 08:10:41,020] DESKTOP-68IO8EJ/INFO/locust.runners: Shape test updating to 360 users at 10.00 spawn rate
[2026-03-25 08:10:41,020] DESKTOP-68IO8EJ/INFO/locust.runners: Ramping to 360 users at a rate of 10.00 per second
[2026-03-25 08:10:43,044] DESKTOP-68IO8EJ/INFO/locust.runners: All users spawned: {"WebsiteUser": 360} (360 total users)
[2026-03-25 08:11:01,109] DESKTOP-68IO8EJ/INFO/locust.runners: Shape test updating to 390 users at 10.00 spawn rate
[2026-03-25 08:11:01,110] DESKTOP-68IO8EJ/INFO/locust.runners: Ramping to 390 users at a rate of 10.00 per second
[2026-03-25 08:11:03,120] DESKTOP-68IO8EJ/INFO/locust.runners: All users spawned: {"WebsiteUser": 390} (390 total users)
[2026-03-25 08:11:21,209] DESKTOP-68IO8EJ/INFO/locust.runners: Shape test updating to 420 users at 10.00 spawn rate
[2026-03-25 08:11:21,209] DESKTOP-68IO8EJ/INFO/locust.runners: Ramping to 420 users at a rate of 10.00 per second
[2026-03-25 08:11:23,218] DESKTOP-68IO8EJ/INFO/locust.runners: All users spawned: {"WebsiteUser": 420} (420 total users)
[2026-03-25 08:11:41,264] DESKTOP-68IO8EJ/INFO/locust.runners: Shape test updating to 450 users at 10.00 spawn rate
[2026-03-25 08:11:41,264] DESKTOP-68IO8EJ/INFO/locust.runners: Ramping to 450 users at a rate of 10.00 per second
[2026-03-25 08:11:43,278] DESKTOP-68IO8EJ/INFO/locust.runners: All users spawned: {"WebsiteUser": 450} (450 total users)
[2026-03-25 08:12:01,375] DESKTOP-68IO8EJ/INFO/locust.runners: Shape test updating to 480 users at 10.00 spawn rate
[2026-03-25 08:12:01,378] DESKTOP-68IO8EJ/INFO/locust.runners: Ramping to 480 users at a rate of 10.00 per second
[2026-03-25 08:12:03,389] DESKTOP-68IO8EJ/INFO/locust.runners: All users spawned: {"WebsiteUser": 480} (480 total users)
[2026-03-25 08:12:21,462] DESKTOP-68IO8EJ/INFO/locust.runners: Shape test updating to 510 users at 10.00 spawn rate
[2026-03-25 08:12:21,463] DESKTOP-68IO8EJ/INFO/locust.runners: Ramping to 510 users at a rate of 10.00 per second
[2026-03-25 08:12:23,476] DESKTOP-68IO8EJ/INFO/locust.runners: All users spawned: {"WebsiteUser": 510} (510 total users)
[2026-03-25 08:12:41,554] DESKTOP-68IO8EJ/INFO/locust.runners: Shape test updating to 540 users at 10.00 spawn rate
[2026-03-25 08:12:41,556] DESKTOP-68IO8EJ/INFO/locust.runners: Ramping to 540 users at a rate of 10.00 per second
[2026-03-25 08:12:43,563] DESKTOP-68IO8EJ/INFO/locust.runners: All users spawned: {"WebsiteUser": 540} (540 total users)
[2026-03-25 08:13:01,660] DESKTOP-68IO8EJ/INFO/locust.runners: Shape test updating to 570 users at 10.00 spawn rate
[2026-03-25 08:13:01,661] DESKTOP-68IO8EJ/INFO/locust.runners: Ramping to 570 users at a rate of 10.00 per second
[2026-03-25 08:13:03,682] DESKTOP-68IO8EJ/INFO/locust.runners: All users spawned: {"WebsiteUser": 570} (570 total users)
[2026-03-25 08:13:21,735] DESKTOP-68IO8EJ/INFO/locust.runners: Shape test updating to 600 users at 10.00 spawn rate
[2026-03-25 08:13:21,736] DESKTOP-68IO8EJ/INFO/locust.runners: Ramping to 600 users at a rate of 10.00 per second
[2026-03-25 08:13:23,739] DESKTOP-68IO8EJ/INFO/locust.runners: All users spawned: {"WebsiteUser": 600} (600 total users)
[2026-03-25 08:13:41,833] DESKTOP-68IO8EJ/INFO/locust.runners: Shape test updating to 630 users at 10.00 spawn rate
[2026-03-25 08:13:41,834] DESKTOP-68IO8EJ/INFO/locust.runners: Ramping to 630 users at a rate of 10.00 per second
[2026-03-25 08:13:43,840] DESKTOP-68IO8EJ/INFO/locust.runners: All users spawned: {"WebsiteUser": 630} (630 total users)
[2026-03-25 08:14:01,912] DESKTOP-68IO8EJ/INFO/locust.runners: Shape test updating to 660 users at 10.00 spawn rate
[2026-03-25 08:14:01,913] DESKTOP-68IO8EJ/INFO/locust.runners: Ramping to 660 users at a rate of 10.00 per second
[2026-03-25 08:14:03,915] DESKTOP-68IO8EJ/INFO/locust.runners: All users spawned: {"WebsiteUser": 660} (660 total users)
[2026-03-25 08:14:11,486] DESKTOP-68IO8EJ/INFO/locust.main: Shutting down (exit code 1)
[2026-03-25 08:21:55,348] DESKTOP-68IO8EJ/INFO/locust.main: Starting Locust 2.43.3
[2026-03-25 08:21:55,349] DESKTOP-68IO8EJ/INFO/locust.main: Starting web interface at http://localhost:8089, press enter to open your default browser.
[2026-03-25 08:22:15,647] DESKTOP-68IO8EJ/INFO/locust.runners: Shape test starting.
[2026-03-25 08:22:15,649] DESKTOP-68IO8EJ/INFO/locust.runners: Shape worker starting
[2026-03-25 08:22:15,650] DESKTOP-68IO8EJ/INFO/locust.runners: Shape test updating to 30 users at 10.00 spawn rate
[2026-03-25 08:22:15,651] DESKTOP-68IO8EJ/INFO/locust.runners: Ramping to 30 users at a rate of 10.00 per second
[2026-03-25 08:22:17,657] DESKTOP-68IO8EJ/INFO/locust.runners: All users spawned: {"WebsiteUser": 30} (30 total users)
[2026-03-25 08:22:35,753] DESKTOP-68IO8EJ/INFO/locust.runners: Shape test updating to 60 users at 10.00 spawn rate
[2026-03-25 08:22:35,753] DESKTOP-68IO8EJ/INFO/locust.runners: Ramping to 60 users at a rate of 10.00 per second
[2026-03-25 08:22:37,760] DESKTOP-68IO8EJ/INFO/locust.runners: All users spawned: {"WebsiteUser": 60} (60 total users)
[2026-03-25 08:22:55,811] DESKTOP-68IO8EJ/INFO/locust.runners: Shape test updating to 90 users at 10.00 spawn rate
[2026-03-25 08:22:55,812] DESKTOP-68IO8EJ/INFO/locust.runners: Ramping to 90 users at a rate of 10.00 per second
[2026-03-25 08:22:57,830] DESKTOP-68IO8EJ/INFO/locust.runners: All users spawned: {"WebsiteUser": 90} (90 total users)
[2026-03-25 08:23:15,880] DESKTOP-68IO8EJ/INFO/locust.runners: Shape test updating to 120 users at 10.00 spawn rate
[2026-03-25 08:23:15,880] DESKTOP-68IO8EJ/INFO/locust.runners: Ramping to 120 users at a rate of 10.00 per second
[2026-03-25 08:23:17,900] DESKTOP-68IO8EJ/INFO/locust.runners: All users spawned: {"WebsiteUser": 120} (120 total users)
[2026-03-25 08:23:35,955] DESKTOP-68IO8EJ/INFO/locust.runners: Shape test updating to 150 users at 10.00 spawn rate
[2026-03-25 08:23:35,956] DESKTOP-68IO8EJ/INFO/locust.runners: Ramping to 150 users at a rate of 10.00 per second
[2026-03-25 08:23:37,967] DESKTOP-68IO8EJ/INFO/locust.runners: All users spawned: {"WebsiteUser": 150} (150 total users)
[2026-03-25 08:23:56,040] DESKTOP-68IO8EJ/INFO/locust.runners: Shape test updating to 180 users at 10.00 spawn rate
[2026-03-25 08:23:56,040] DESKTOP-68IO8EJ/INFO/locust.runners: Ramping to 180 users at a rate of 10.00 per second
[2026-03-25 08:23:58,051] DESKTOP-68IO8EJ/INFO/locust.runners: All users spawned: {"WebsiteUser": 180} (180 total users)
[2026-03-25 08:24:16,136] DESKTOP-68IO8EJ/INFO/locust.runners: Shape test updating to 210 users at 10.00 spawn rate
[2026-03-25 08:24:16,137] DESKTOP-68IO8EJ/INFO/locust.runners: Ramping to 210 users at a rate of 10.00 per second
[2026-03-25 08:24:18,140] DESKTOP-68IO8EJ/INFO/locust.runners: All users spawned: {"WebsiteUser": 210} (210 total users)
[2026-03-25 08:24:36,220] DESKTOP-68IO8EJ/INFO/locust.runners: Shape test updating to 240 users at 10.00 spawn rate
[2026-03-25 08:24:36,221] DESKTOP-68IO8EJ/INFO/locust.runners: Ramping to 240 users at a rate of 10.00 per second
[2026-03-25 08:24:38,226] DESKTOP-68IO8EJ/INFO/locust.runners: All users spawned: {"WebsiteUser": 240} (240 total users)
[2026-03-25 08:24:56,248] DESKTOP-68IO8EJ/INFO/locust.runners: Shape test updating to 270 users at 10.00 spawn rate
[2026-03-25 08:24:56,250] DESKTOP-68IO8EJ/INFO/locust.runners: Ramping to 270 users at a rate of 10.00 per second
[2026-03-25 08:24:58,255] DESKTOP-68IO8EJ/INFO/locust.runners: All users spawned: {"WebsiteUser": 270} (270 total users)
[2026-03-25 08:25:16,295] DESKTOP-68IO8EJ/INFO/locust.runners: Shape test updating to 300 users at 10.00 spawn rate
[2026-03-25 08:25:16,296] DESKTOP-68IO8EJ/INFO/locust.runners: Ramping to 300 users at a rate of 10.00 per second
[2026-03-25 08:25:18,304] DESKTOP-68IO8EJ/INFO/locust.runners: All users spawned: {"WebsiteUser": 300} (300 total users)
[2026-03-25 08:25:36,377] DESKTOP-68IO8EJ/INFO/locust.runners: Shape test updating to 330 users at 10.00 spawn rate
[2026-03-25 08:25:36,377] DESKTOP-68IO8EJ/INFO/locust.runners: Ramping to 330 users at a rate of 10.00 per second
[2026-03-25 08:25:38,381] DESKTOP-68IO8EJ/INFO/locust.runners: All users spawned: {"WebsiteUser": 330} (330 total users)
[2026-03-25 08:25:56,440] DESKTOP-68IO8EJ/INFO/locust.runners: Shape test updating to 360 users at 10.00 spawn rate
[2026-03-25 08:25:56,441] DESKTOP-68IO8EJ/INFO/locust.runners: Ramping to 360 users at a rate of 10.00 per second
[2026-03-25 08:25:58,446] DESKTOP-68IO8EJ/INFO/locust.runners: All users spawned: {"WebsiteUser": 360} (360 total users)
[2026-03-25 08:26:16,566] DESKTOP-68IO8EJ/INFO/locust.runners: Shape test updating to 390 users at 10.00 spawn rate
[2026-03-25 08:26:16,567] DESKTOP-68IO8EJ/INFO/locust.runners: Ramping to 390 users at a rate of 10.00 per second
[2026-03-25 08:26:18,579] DESKTOP-68IO8EJ/INFO/locust.runners: All users spawned: {"WebsiteUser": 390} (390 total users)
[2026-03-25 08:26:35,655] DESKTOP-68IO8EJ/INFO/locust.runners: Shape test updating to 420 users at 10.00 spawn rate
[2026-03-25 08:26:35,656] DESKTOP-68IO8EJ/INFO/locust.runners: Ramping to 420 users at a rate of 10.00 per second
[2026-03-25 08:26:37,662] DESKTOP-68IO8EJ/INFO/locust.runners: All users spawned: {"WebsiteUser": 420} (420 total users)
[2026-03-25 08:26:55,722] DESKTOP-68IO8EJ/INFO/locust.runners: Shape test updating to 450 users at 10.00 spawn rate
[2026-03-25 08:26:55,725] DESKTOP-68IO8EJ/INFO/locust.runners: Ramping to 450 users at a rate of 10.00 per second
[2026-03-25 08:26:57,736] DESKTOP-68IO8EJ/INFO/locust.runners: All users spawned: {"WebsiteUser": 450} (450 total users)
[2026-03-25 08:27:11,885] DESKTOP-68IO8EJ/INFO/locust.main: Shutting down (exit code 1)
[2026-03-25 08:29:36,293] DESKTOP-68IO8EJ/INFO/locust.main: Starting Locust 2.43.3
[2026-03-25 08:29:36,294] DESKTOP-68IO8EJ/INFO/locust.main: Starting web interface at http://localhost:8089, press enter to open your default browser.
[2026-03-25 08:29:43,297] DESKTOP-68IO8EJ/INFO/locust.runners: Shape test starting.
[2026-03-25 08:29:43,298] DESKTOP-68IO8EJ/INFO/locust.runners: Shape worker starting
[2026-03-25 08:29:43,298] DESKTOP-68IO8EJ/INFO/locust.runners: Shape test updating to 30 users at 10.00 spawn rate
[2026-03-25 08:29:43,299] DESKTOP-68IO8EJ/INFO/locust.runners: Ramping to 30 users at a rate of 10.00 per second
[2026-03-25 08:29:45,313] DESKTOP-68IO8EJ/INFO/locust.runners: All users spawned: {"WebsiteUser": 30} (30 total users)
[2026-03-25 08:30:03,373] DESKTOP-68IO8EJ/INFO/locust.runners: Shape test updating to 60 users at 10.00 spawn rate
[2026-03-25 08:30:03,373] DESKTOP-68IO8EJ/INFO/locust.runners: Ramping to 60 users at a rate of 10.00 per second
[2026-03-25 08:30:05,387] DESKTOP-68IO8EJ/INFO/locust.runners: All users spawned: {"WebsiteUser": 60} (60 total users)
[2026-03-25 08:30:23,470] DESKTOP-68IO8EJ/INFO/locust.runners: Shape test updating to 90 users at 10.00 spawn rate
[2026-03-25 08:30:23,470] DESKTOP-68IO8EJ/INFO/locust.runners: Ramping to 90 users at a rate of 10.00 per second
[2026-03-25 08:30:25,487] DESKTOP-68IO8EJ/INFO/locust.runners: All users spawned: {"WebsiteUser": 90} (90 total users)
[2026-03-25 08:30:43,604] DESKTOP-68IO8EJ/INFO/locust.runners: Shape test updating to 120 users at 10.00 spawn rate
[2026-03-25 08:30:43,606] DESKTOP-68IO8EJ/INFO/locust.runners: Ramping to 120 users at a rate of 10.00 per second
[2026-03-25 08:30:45,623] DESKTOP-68IO8EJ/INFO/locust.runners: All users spawned: {"WebsiteUser": 120} (120 total users)
[2026-03-25 08:31:03,729] DESKTOP-68IO8EJ/INFO/locust.runners: Shape test updating to 150 users at 10.00 spawn rate
[2026-03-25 08:31:03,729] DESKTOP-68IO8EJ/INFO/locust.runners: Ramping to 150 users at a rate of 10.00 per second
[2026-03-25 08:31:05,742] DESKTOP-68IO8EJ/INFO/locust.runners: All users spawned: {"WebsiteUser": 150} (150 total users)
[2026-03-25 08:31:23,818] DESKTOP-68IO8EJ/INFO/locust.runners: Shape test updating to 180 users at 10.00 spawn rate
[2026-03-25 08:31:23,819] DESKTOP-68IO8EJ/INFO/locust.runners: Ramping to 180 users at a rate of 10.00 per second
[2026-03-25 08:31:25,842] DESKTOP-68IO8EJ/INFO/locust.runners: All users spawned: {"WebsiteUser": 180} (180 total users)
[2026-03-25 08:31:43,913] DESKTOP-68IO8EJ/INFO/locust.runners: Shape test updating to 210 users at 10.00 spawn rate
[2026-03-25 08:31:43,915] DESKTOP-68IO8EJ/INFO/locust.runners: Ramping to 210 users at a rate of 10.00 per second
[2026-03-25 08:31:45,933] DESKTOP-68IO8EJ/INFO/locust.runners: All users spawned: {"WebsiteUser": 210} (210 total users)
[2026-03-25 08:32:04,033] DESKTOP-68IO8EJ/INFO/locust.runners: Shape test updating to 240 users at 10.00 spawn rate
[2026-03-25 08:32:04,038] DESKTOP-68IO8EJ/INFO/locust.runners: Ramping to 240 users at a rate of 10.00 per second
[2026-03-25 08:32:06,053] DESKTOP-68IO8EJ/INFO/locust.runners: All users spawned: {"WebsiteUser": 240} (240 total users)
[2026-03-25 08:32:24,221] DESKTOP-68IO8EJ/INFO/locust.runners: Shape test updating to 270 users at 10.00 spawn rate
[2026-03-25 08:32:24,223] DESKTOP-68IO8EJ/INFO/locust.runners: Ramping to 270 users at a rate of 10.00 per second
[2026-03-25 08:32:26,234] DESKTOP-68IO8EJ/INFO/locust.runners: All users spawned: {"WebsiteUser": 270} (270 total users)
[2026-03-25 08:32:44,257] DESKTOP-68IO8EJ/INFO/locust.runners: Shape test updating to 300 users at 10.00 spawn rate
[2026-03-25 08:32:44,257] DESKTOP-68IO8EJ/INFO/locust.runners: Ramping to 300 users at a rate of 10.00 per second
[2026-03-25 08:32:46,260] DESKTOP-68IO8EJ/INFO/locust.runners: All users spawned: {"WebsiteUser": 300} (300 total users)
[2026-03-25 08:33:03,318] DESKTOP-68IO8EJ/INFO/locust.runners: Shape test updating to 330 users at 10.00 spawn rate
[2026-03-25 08:33:03,320] DESKTOP-68IO8EJ/INFO/locust.runners: Ramping to 330 users at a rate of 10.00 per second
[2026-03-25 08:33:05,330] DESKTOP-68IO8EJ/INFO/locust.runners: All users spawned: {"WebsiteUser": 330} (330 total users)
[2026-03-25 08:33:23,400] DESKTOP-68IO8EJ/INFO/locust.runners: Shape test updating to 360 users at 10.00 spawn rate
[2026-03-25 08:33:23,401] DESKTOP-68IO8EJ/INFO/locust.runners: Ramping to 360 users at a rate of 10.00 per second
[2026-03-25 08:33:25,405] DESKTOP-68IO8EJ/INFO/locust.runners: All users spawned: {"WebsiteUser": 360} (360 total users)
[2026-03-25 08:33:43,509] DESKTOP-68IO8EJ/INFO/locust.runners: Shape test updating to 390 users at 10.00 spawn rate
[2026-03-25 08:33:43,516] DESKTOP-68IO8EJ/INFO/locust.runners: Ramping to 390 users at a rate of 10.00 per second
[2026-03-25 08:33:45,530] DESKTOP-68IO8EJ/INFO/locust.runners: All users spawned: {"WebsiteUser": 390} (390 total users)
[2026-03-25 08:34:03,604] DESKTOP-68IO8EJ/INFO/locust.runners: Shape test updating to 420 users at 10.00 spawn rate
[2026-03-25 08:34:03,605] DESKTOP-68IO8EJ/INFO/locust.runners: Ramping to 420 users at a rate of 10.00 per second
[2026-03-25 08:34:05,632] DESKTOP-68IO8EJ/INFO/locust.runners: All users spawned: {"WebsiteUser": 420} (420 total users)
[2026-03-25 08:34:23,704] DESKTOP-68IO8EJ/INFO/locust.runners: Shape test updating to 450 users at 10.00 spawn rate
[2026-03-25 08:34:23,705] DESKTOP-68IO8EJ/INFO/locust.runners: Ramping to 450 users at a rate of 10.00 per second
[2026-03-25 08:34:25,717] DESKTOP-68IO8EJ/INFO/locust.runners: All users spawned: {"WebsiteUser": 450} (450 total users)
[2026-03-25 08:34:44,174] DESKTOP-68IO8EJ/INFO/locust.runners: Shape test updating to 480 users at 10.00 spawn rate
[2026-03-25 08:34:44,174] DESKTOP-68IO8EJ/INFO/locust.runners: Ramping to 480 users at a rate of 10.00 per second
[2026-03-25 08:34:46,182] DESKTOP-68IO8EJ/INFO/locust.runners: All users spawned: {"WebsiteUser": 480} (480 total users)
[2026-03-25 08:35:04,214] DESKTOP-68IO8EJ/INFO/locust.runners: Shape test updating to 510 users at 10.00 spawn rate
[2026-03-25 08:35:04,215] DESKTOP-68IO8EJ/INFO/locust.runners: Ramping to 510 users at a rate of 10.00 per second
[2026-03-25 08:35:06,222] DESKTOP-68IO8EJ/INFO/locust.runners: All users spawned: {"WebsiteUser": 510} (510 total users)
[2026-03-25 08:35:23,415] DESKTOP-68IO8EJ/INFO/locust.runners: Shape test updating to 540 users at 10.00 spawn rate
[2026-03-25 08:35:23,416] DESKTOP-68IO8EJ/INFO/locust.runners: Ramping to 540 users at a rate of 10.00 per second
[2026-03-25 08:35:25,426] DESKTOP-68IO8EJ/INFO/locust.runners: All users spawned: {"WebsiteUser": 540} (540 total users)
[2026-03-25 08:35:43,545] DESKTOP-68IO8EJ/INFO/locust.runners: Shape test updating to 570 users at 10.00 spawn rate
[2026-03-25 08:35:43,548] DESKTOP-68IO8EJ/INFO/locust.runners: Ramping to 570 users at a rate of 10.00 per second
[2026-03-25 08:35:45,555] DESKTOP-68IO8EJ/INFO/locust.runners: All users spawned: {"WebsiteUser": 570} (570 total users)
[2026-03-25 08:36:03,958] DESKTOP-68IO8EJ/INFO/locust.runners: Shape test updating to 600 users at 10.00 spawn rate
[2026-03-25 08:36:03,959] DESKTOP-68IO8EJ/INFO/locust.runners: Ramping to 600 users at a rate of 10.00 per second
[2026-03-25 08:36:05,968] DESKTOP-68IO8EJ/INFO/locust.runners: All users spawned: {"WebsiteUser": 600} (600 total users)
[2026-03-25 08:36:24,034] DESKTOP-68IO8EJ/INFO/locust.runners: Shape test updating to 630 users at 10.00 spawn rate
[2026-03-25 08:36:24,035] DESKTOP-68IO8EJ/INFO/locust.runners: Ramping to 630 users at a rate of 10.00 per second
[2026-03-25 08:36:26,037] DESKTOP-68IO8EJ/INFO/locust.runners: All users spawned: {"WebsiteUser": 630} (630 total users)
[2026-03-25 08:36:43,558] DESKTOP-68IO8EJ/INFO/locust.runners: Shape test updating to 660 users at 10.00 spawn rate
[2026-03-25 08:36:43,558] DESKTOP-68IO8EJ/INFO/locust.runners: Ramping to 660 users at a rate of 10.00 per second
[2026-03-25 08:36:45,708] DESKTOP-68IO8EJ/INFO/locust.runners: All users spawned: {"WebsiteUser": 660} (660 total users)
[2026-03-25 08:37:04,150] DESKTOP-68IO8EJ/INFO/locust.runners: Shape test updating to 690 users at 10.00 spawn rate
[2026-03-25 08:37:04,151] DESKTOP-68IO8EJ/INFO/locust.runners: Ramping to 690 users at a rate of 10.00 per second
[2026-03-25 08:37:06,168] DESKTOP-68IO8EJ/INFO/locust.runners: All users spawned: {"WebsiteUser": 690} (690 total users)
[2026-03-25 08:37:20,470] DESKTOP-68IO8EJ/INFO/locust.main: Shutting down (exit code 1)
[2026-03-25 08:43:11,011] DESKTOP-68IO8EJ/INFO/locust.main: Starting Locust 2.43.3
[2026-03-25 08:43:11,013] DESKTOP-68IO8EJ/INFO/locust.main: Starting web interface at http://localhost:8089, press enter to open your default browser.
[2026-03-25 08:43:16,161] DESKTOP-68IO8EJ/INFO/locust.runners: Shape test starting.
[2026-03-25 08:43:16,162] DESKTOP-68IO8EJ/INFO/locust.runners: Shape worker starting
[2026-03-25 08:43:16,163] DESKTOP-68IO8EJ/INFO/locust.runners: Shape test updating to 30 users at 10.00 spawn rate
[2026-03-25 08:43:16,163] DESKTOP-68IO8EJ/INFO/locust.runners: Ramping to 30 users at a rate of 10.00 per second
[2026-03-25 08:43:18,175] DESKTOP-68IO8EJ/INFO/locust.runners: All users spawned: {"WebsiteUser": 30} (30 total users)
[2026-03-25 08:43:36,249] DESKTOP-68IO8EJ/INFO/locust.runners: Shape test updating to 60 users at 10.00 spawn rate
[2026-03-25 08:43:36,249] DESKTOP-68IO8EJ/INFO/locust.runners: Ramping to 60 users at a rate of 10.00 per second
[2026-03-25 08:43:38,259] DESKTOP-68IO8EJ/INFO/locust.runners: All users spawned: {"WebsiteUser": 60} (60 total users)
[2026-03-25 08:43:56,353] DESKTOP-68IO8EJ/INFO/locust.runners: Shape test updating to 90 users at 10.00 spawn rate
[2026-03-25 08:43:56,355] DESKTOP-68IO8EJ/INFO/locust.runners: Ramping to 90 users at a rate of 10.00 per second
[2026-03-25 08:43:58,373] DESKTOP-68IO8EJ/INFO/locust.runners: All users spawned: {"WebsiteUser": 90} (90 total users)
[2026-03-25 08:44:16,460] DESKTOP-68IO8EJ/INFO/locust.runners: Shape test updating to 120 users at 10.00 spawn rate
[2026-03-25 08:44:16,461] DESKTOP-68IO8EJ/INFO/locust.runners: Ramping to 120 users at a rate of 10.00 per second
[2026-03-25 08:44:18,472] DESKTOP-68IO8EJ/INFO/locust.runners: All users spawned: {"WebsiteUser": 120} (120 total users)
[2026-03-25 08:44:36,550] DESKTOP-68IO8EJ/INFO/locust.runners: Shape test updating to 150 users at 10.00 spawn rate
[2026-03-25 08:44:36,551] DESKTOP-68IO8EJ/INFO/locust.runners: Ramping to 150 users at a rate of 10.00 per second
[2026-03-25 08:44:38,564] DESKTOP-68IO8EJ/INFO/locust.runners: All users spawned: {"WebsiteUser": 150} (150 total users)
[2026-03-25 08:44:56,645] DESKTOP-68IO8EJ/INFO/locust.runners: Shape test updating to 180 users at 10.00 spawn rate
[2026-03-25 08:44:56,646] DESKTOP-68IO8EJ/INFO/locust.runners: Ramping to 180 users at a rate of 10.00 per second
[2026-03-25 08:44:58,648] DESKTOP-68IO8EJ/INFO/locust.runners: All users spawned: {"WebsiteUser": 180} (180 total users)
[2026-03-25 08:45:16,733] DESKTOP-68IO8EJ/INFO/locust.runners: Shape test updating to 210 users at 10.00 spawn rate
[2026-03-25 08:45:16,733] DESKTOP-68IO8EJ/INFO/locust.runners: Ramping to 210 users at a rate of 10.00 per second
[2026-03-25 08:45:18,750] DESKTOP-68IO8EJ/INFO/locust.runners: All users spawned: {"WebsiteUser": 210} (210 total users)
[2026-03-25 08:45:36,831] DESKTOP-68IO8EJ/INFO/locust.runners: Shape test updating to 240 users at 10.00 spawn rate
[2026-03-25 08:45:36,837] DESKTOP-68IO8EJ/INFO/locust.runners: Ramping to 240 users at a rate of 10.00 per second
[2026-03-25 08:45:38,845] DESKTOP-68IO8EJ/INFO/locust.runners: All users spawned: {"WebsiteUser": 240} (240 total users)
[2026-03-25 08:45:56,919] DESKTOP-68IO8EJ/INFO/locust.runners: Shape test updating to 270 users at 10.00 spawn rate
[2026-03-25 08:45:56,920] DESKTOP-68IO8EJ/INFO/locust.runners: Ramping to 270 users at a rate of 10.00 per second
[2026-03-25 08:45:58,926] DESKTOP-68IO8EJ/INFO/locust.runners: All users spawned: {"WebsiteUser": 270} (270 total users)
[2026-03-25 08:46:16,975] DESKTOP-68IO8EJ/INFO/locust.runners: Shape test updating to 300 users at 10.00 spawn rate
[2026-03-25 08:46:16,976] DESKTOP-68IO8EJ/INFO/locust.runners: Ramping to 300 users at a rate of 10.00 per second
[2026-03-25 08:46:18,998] DESKTOP-68IO8EJ/INFO/locust.runners: All users spawned: {"WebsiteUser": 300} (300 total users)
[2026-03-25 08:46:37,132] DESKTOP-68IO8EJ/INFO/locust.runners: Shape test updating to 330 users at 10.00 spawn rate
[2026-03-25 08:46:37,133] DESKTOP-68IO8EJ/INFO/locust.runners: Ramping to 330 users at a rate of 10.00 per second
[2026-03-25 08:46:39,167] DESKTOP-68IO8EJ/INFO/locust.runners: All users spawned: {"WebsiteUser": 330} (330 total users)
[2026-03-25 08:46:56,280] DESKTOP-68IO8EJ/INFO/locust.runners: Shape test updating to 360 users at 10.00 spawn rate
[2026-03-25 08:46:56,281] DESKTOP-68IO8EJ/INFO/locust.runners: Ramping to 360 users at a rate of 10.00 per second
[2026-03-25 08:46:58,301] DESKTOP-68IO8EJ/INFO/locust.runners: All users spawned: {"WebsiteUser": 360} (360 total users)
[2026-03-25 08:47:16,411] DESKTOP-68IO8EJ/INFO/locust.runners: Shape test updating to 390 users at 10.00 spawn rate
[2026-03-25 08:47:16,412] DESKTOP-68IO8EJ/INFO/locust.runners: Ramping to 390 users at a rate of 10.00 per second
[2026-03-25 08:47:18,434] DESKTOP-68IO8EJ/INFO/locust.runners: All users spawned: {"WebsiteUser": 390} (390 total users)
[2026-03-25 08:47:36,577] DESKTOP-68IO8EJ/INFO/locust.runners: Shape test updating to 420 users at 10.00 spawn rate
[2026-03-25 08:47:36,579] DESKTOP-68IO8EJ/INFO/locust.runners: Ramping to 420 users at a rate of 10.00 per second
[2026-03-25 08:47:38,595] DESKTOP-68IO8EJ/INFO/locust.runners: All users spawned: {"WebsiteUser": 420} (420 total users)
[2026-03-25 08:47:56,733] DESKTOP-68IO8EJ/INFO/locust.runners: Shape test updating to 450 users at 10.00 spawn rate
[2026-03-25 08:47:56,733] DESKTOP-68IO8EJ/INFO/locust.runners: Ramping to 450 users at a rate of 10.00 per second
[2026-03-25 08:47:58,835] DESKTOP-68IO8EJ/INFO/locust.runners: All users spawned: {"WebsiteUser": 450} (450 total users)
[2026-03-25 08:48:16,980] DESKTOP-68IO8EJ/INFO/locust.runners: Shape test updating to 480 users at 10.00 spawn rate
[2026-03-25 08:48:16,983] DESKTOP-68IO8EJ/INFO/locust.runners: Ramping to 480 users at a rate of 10.00 per second
[2026-03-25 08:48:19,053] DESKTOP-68IO8EJ/INFO/locust.runners: All users spawned: {"WebsiteUser": 480} (480 total users)
[2026-03-25 08:48:36,480] DESKTOP-68IO8EJ/INFO/locust.runners: Shape test updating to 510 users at 10.00 spawn rate
[2026-03-25 08:48:36,480] DESKTOP-68IO8EJ/INFO/locust.runners: Ramping to 510 users at a rate of 10.00 per second
[2026-03-25 08:48:38,504] DESKTOP-68IO8EJ/INFO/locust.runners: All users spawned: {"WebsiteUser": 510} (510 total users)
[2026-03-25 08:48:57,101] DESKTOP-68IO8EJ/INFO/locust.runners: Shape test updating to 540 users at 10.00 spawn rate
[2026-03-25 08:48:57,108] DESKTOP-68IO8EJ/INFO/locust.runners: Ramping to 540 users at a rate of 10.00 per second
[2026-03-25 08:48:59,116] DESKTOP-68IO8EJ/INFO/locust.runners: All users spawned: {"WebsiteUser": 540} (540 total users)
[2026-03-25 08:49:16,441] DESKTOP-68IO8EJ/INFO/locust.main: Shutting down (exit code 1)
[2026-03-25 11:24:20,192] DESKTOP-68IO8EJ/INFO/locust.main: Starting Locust 2.43.3
[2026-03-25 11:24:20,196] DESKTOP-68IO8EJ/INFO/locust.main: Starting web interface at http://localhost:8089, press enter to open your default browser.
[2026-03-25 11:24:29,090] DESKTOP-68IO8EJ/INFO/locust.runners: Shape test starting.
[2026-03-25 11:24:29,091] DESKTOP-68IO8EJ/INFO/locust.runners: Shape worker starting
[2026-03-25 11:24:29,091] DESKTOP-68IO8EJ/INFO/locust.runners: Shape test updating to 30 users at 10.00 spawn rate
[2026-03-25 11:24:29,092] DESKTOP-68IO8EJ/INFO/locust.runners: Ramping to 30 users at a rate of 10.00 per second
[2026-03-25 11:24:31,122] DESKTOP-68IO8EJ/INFO/locust.runners: All users spawned: {"WebsiteUser": 30} (30 total users)
[2026-03-25 11:24:49,185] DESKTOP-68IO8EJ/INFO/locust.runners: Shape test updating to 60 users at 10.00 spawn rate
[2026-03-25 11:24:49,186] DESKTOP-68IO8EJ/INFO/locust.runners: Ramping to 60 users at a rate of 10.00 per second
[2026-03-25 11:24:51,208] DESKTOP-68IO8EJ/INFO/locust.runners: All users spawned: {"WebsiteUser": 60} (60 total users)
[2026-03-25 11:25:09,342] DESKTOP-68IO8EJ/INFO/locust.runners: Shape test updating to 90 users at 10.00 spawn rate
[2026-03-25 11:25:09,343] DESKTOP-68IO8EJ/INFO/locust.runners: Ramping to 90 users at a rate of 10.00 per second
[2026-03-25 11:25:11,357] DESKTOP-68IO8EJ/INFO/locust.runners: All users spawned: {"WebsiteUser": 90} (90 total users)
[2026-03-25 11:25:29,457] DESKTOP-68IO8EJ/INFO/locust.runners: Shape test updating to 120 users at 10.00 spawn rate
[2026-03-25 11:25:29,457] DESKTOP-68IO8EJ/INFO/locust.runners: Ramping to 120 users at a rate of 10.00 per second
[2026-03-25 11:25:31,463] DESKTOP-68IO8EJ/INFO/locust.runners: All users spawned: {"WebsiteUser": 120} (120 total users)
[2026-03-25 11:25:49,574] DESKTOP-68IO8EJ/INFO/locust.runners: Shape test updating to 150 users at 10.00 spawn rate
[2026-03-25 11:25:49,575] DESKTOP-68IO8EJ/INFO/locust.runners: Ramping to 150 users at a rate of 10.00 per second
[2026-03-25 11:25:51,594] DESKTOP-68IO8EJ/INFO/locust.runners: All users spawned: {"WebsiteUser": 150} (150 total users)
[2026-03-25 11:26:09,698] DESKTOP-68IO8EJ/INFO/locust.runners: Shape test updating to 180 users at 10.00 spawn rate
[2026-03-25 11:26:09,699] DESKTOP-68IO8EJ/INFO/locust.runners: Ramping to 180 users at a rate of 10.00 per second
[2026-03-25 11:26:11,704] DESKTOP-68IO8EJ/INFO/locust.runners: All users spawned: {"WebsiteUser": 180} (180 total users)
[2026-03-25 11:26:29,798] DESKTOP-68IO8EJ/INFO/locust.runners: Shape test updating to 210 users at 10.00 spawn rate
[2026-03-25 11:26:29,798] DESKTOP-68IO8EJ/INFO/locust.runners: Ramping to 210 users at a rate of 10.00 per second
[2026-03-25 11:26:31,809] DESKTOP-68IO8EJ/INFO/locust.runners: All users spawned: {"WebsiteUser": 210} (210 total users)
[2026-03-25 11:26:49,902] DESKTOP-68IO8EJ/INFO/locust.runners: Shape test updating to 240 users at 10.00 spawn rate
[2026-03-25 11:26:49,903] DESKTOP-68IO8EJ/INFO/locust.runners: Ramping to 240 users at a rate of 10.00 per second
[2026-03-25 11:26:51,929] DESKTOP-68IO8EJ/INFO/locust.runners: All users spawned: {"WebsiteUser": 240} (240 total users)
[2026-03-25 11:27:10,003] DESKTOP-68IO8EJ/INFO/locust.runners: Shape test updating to 270 users at 10.00 spawn rate
[2026-03-25 11:27:10,008] DESKTOP-68IO8EJ/INFO/locust.runners: Ramping to 270 users at a rate of 10.00 per second
[2026-03-25 11:27:12,025] DESKTOP-68IO8EJ/INFO/locust.runners: All users spawned: {"WebsiteUser": 270} (270 total users)
[2026-03-25 11:27:29,114] DESKTOP-68IO8EJ/INFO/locust.runners: Shape test updating to 300 users at 10.00 spawn rate
[2026-03-25 11:27:29,114] DESKTOP-68IO8EJ/INFO/locust.runners: Ramping to 300 users at a rate of 10.00 per second
[2026-03-25 11:27:31,191] DESKTOP-68IO8EJ/INFO/locust.runners: All users spawned: {"WebsiteUser": 300} (300 total users)
[2026-03-25 11:27:49,239] DESKTOP-68IO8EJ/INFO/locust.runners: Shape test updating to 330 users at 10.00 spawn rate
[2026-03-25 11:27:49,240] DESKTOP-68IO8EJ/INFO/locust.runners: Ramping to 330 users at a rate of 10.00 per second
[2026-03-25 11:27:51,244] DESKTOP-68IO8EJ/INFO/locust.runners: All users spawned: {"WebsiteUser": 330} (330 total users)
[2026-03-25 11:28:09,370] DESKTOP-68IO8EJ/INFO/locust.runners: Shape test updating to 360 users at 10.00 spawn rate
[2026-03-25 11:28:09,371] DESKTOP-68IO8EJ/INFO/locust.runners: Ramping to 360 users at a rate of 10.00 per second
[2026-03-25 11:28:11,378] DESKTOP-68IO8EJ/INFO/locust.runners: All users spawned: {"WebsiteUser": 360} (360 total users)
[2026-03-25 11:28:29,509] DESKTOP-68IO8EJ/INFO/locust.runners: Shape test updating to 390 users at 10.00 spawn rate
[2026-03-25 11:28:29,510] DESKTOP-68IO8EJ/INFO/locust.runners: Ramping to 390 users at a rate of 10.00 per second
[2026-03-25 11:28:31,516] DESKTOP-68IO8EJ/INFO/locust.runners: All users spawned: {"WebsiteUser": 390} (390 total users)
[2026-03-25 11:28:49,634] DESKTOP-68IO8EJ/INFO/locust.runners: Shape test updating to 420 users at 10.00 spawn rate
[2026-03-25 11:28:49,635] DESKTOP-68IO8EJ/INFO/locust.runners: Ramping to 420 users at a rate of 10.00 per second
[2026-03-25 11:28:51,643] DESKTOP-68IO8EJ/INFO/locust.runners: All users spawned: {"WebsiteUser": 420} (420 total users)
[2026-03-25 11:29:09,770] DESKTOP-68IO8EJ/INFO/locust.runners: Shape test updating to 450 users at 10.00 spawn rate
[2026-03-25 11:29:09,778] DESKTOP-68IO8EJ/INFO/locust.runners: Ramping to 450 users at a rate of 10.00 per second
[2026-03-25 11:29:11,794] DESKTOP-68IO8EJ/INFO/locust.runners: All users spawned: {"WebsiteUser": 450} (450 total users)
[2026-03-25 11:29:29,951] DESKTOP-68IO8EJ/INFO/locust.runners: Shape test updating to 480 users at 10.00 spawn rate
[2026-03-25 11:29:29,952] DESKTOP-68IO8EJ/INFO/locust.runners: Ramping to 480 users at a rate of 10.00 per second
[2026-03-25 11:29:31,967] DESKTOP-68IO8EJ/INFO/locust.runners: All users spawned: {"WebsiteUser": 480} (480 total users)
[2026-03-25 11:29:49,247] DESKTOP-68IO8EJ/INFO/locust.runners: Shape test updating to 510 users at 10.00 spawn rate
[2026-03-25 11:29:49,248] DESKTOP-68IO8EJ/INFO/locust.runners: Ramping to 510 users at a rate of 10.00 per second
[2026-03-25 11:29:51,265] DESKTOP-68IO8EJ/INFO/locust.runners: All users spawned: {"WebsiteUser": 510} (510 total users)
[2026-03-25 11:30:09,442] DESKTOP-68IO8EJ/INFO/locust.runners: Shape test updating to 540 users at 10.00 spawn rate
[2026-03-25 11:30:09,495] DESKTOP-68IO8EJ/INFO/locust.runners: Ramping to 540 users at a rate of 10.00 per second
[2026-03-25 11:30:11,505] DESKTOP-68IO8EJ/INFO/locust.runners: All users spawned: {"WebsiteUser": 540} (540 total users)
[2026-03-25 11:30:29,535] DESKTOP-68IO8EJ/INFO/locust.runners: Shape test updating to 570 users at 10.00 spawn rate
[2026-03-25 11:30:29,536] DESKTOP-68IO8EJ/INFO/locust.runners: Ramping to 570 users at a rate of 10.00 per second
[2026-03-25 11:30:31,549] DESKTOP-68IO8EJ/INFO/locust.runners: All users spawned: {"WebsiteUser": 570} (570 total users)
[2026-03-25 11:30:51,608] DESKTOP-68IO8EJ/INFO/locust.main: Shutting down (exit code 1)
[2026-03-25 15:06:40,040] DESKTOP-68IO8EJ/INFO/locust.main: Starting Locust 2.43.3
[2026-03-25 15:06:40,046] DESKTOP-68IO8EJ/INFO/locust.main: Starting web interface at http://localhost:8089, press enter to open your default browser.
[2026-03-25 15:07:01,112] DESKTOP-68IO8EJ/INFO/locust.runners: Shape test starting.
[2026-03-25 15:07:01,117] DESKTOP-68IO8EJ/INFO/locust.runners: Shape worker starting
[2026-03-25 15:07:01,117] DESKTOP-68IO8EJ/INFO/locust.runners: Shape test updating to 30 users at 10.00 spawn rate
[2026-03-25 15:07:01,118] DESKTOP-68IO8EJ/INFO/locust.runners: Ramping to 30 users at a rate of 10.00 per second
[2026-03-25 15:07:03,136] DESKTOP-68IO8EJ/INFO/locust.runners: All users spawned: {"WebsiteUser": 30} (30 total users)
[2026-03-25 15:07:21,287] DESKTOP-68IO8EJ/INFO/locust.runners: Shape test updating to 60 users at 10.00 spawn rate
[2026-03-25 15:07:21,288] DESKTOP-68IO8EJ/INFO/locust.runners: Ramping to 60 users at a rate of 10.00 per second
[2026-03-25 15:07:23,313] DESKTOP-68IO8EJ/INFO/locust.runners: All users spawned: {"WebsiteUser": 60} (60 total users)
[2026-03-25 15:07:41,400] DESKTOP-68IO8EJ/INFO/locust.runners: Shape test updating to 90 users at 10.00 spawn rate
[2026-03-25 15:07:41,401] DESKTOP-68IO8EJ/INFO/locust.runners: Ramping to 90 users at a rate of 10.00 per second
[2026-03-25 15:07:43,428] DESKTOP-68IO8EJ/INFO/locust.runners: All users spawned: {"WebsiteUser": 90} (90 total users)
[2026-03-25 15:08:01,508] DESKTOP-68IO8EJ/INFO/locust.runners: Shape test updating to 120 users at 10.00 spawn rate
[2026-03-25 15:08:01,512] DESKTOP-68IO8EJ/INFO/locust.runners: Ramping to 120 users at a rate of 10.00 per second
[2026-03-25 15:08:03,537] DESKTOP-68IO8EJ/INFO/locust.runners: All users spawned: {"WebsiteUser": 120} (120 total users)
[2026-03-25 15:08:21,657] DESKTOP-68IO8EJ/INFO/locust.runners: Shape test updating to 150 users at 10.00 spawn rate
[2026-03-25 15:08:21,658] DESKTOP-68IO8EJ/INFO/locust.runners: Ramping to 150 users at a rate of 10.00 per second
[2026-03-25 15:08:23,673] DESKTOP-68IO8EJ/INFO/locust.runners: All users spawned: {"WebsiteUser": 150} (150 total users)
[2026-03-25 15:08:41,749] DESKTOP-68IO8EJ/INFO/locust.runners: Shape test updating to 180 users at 10.00 spawn rate
[2026-03-25 15:08:41,751] DESKTOP-68IO8EJ/INFO/locust.runners: Ramping to 180 users at a rate of 10.00 per second
[2026-03-25 15:08:43,764] DESKTOP-68IO8EJ/INFO/locust.runners: All users spawned: {"WebsiteUser": 180} (180 total users)
[2026-03-25 15:09:10,920] DESKTOP-68IO8EJ/INFO/locust.main: Shutting down (exit code 1)
[2026-03-25 15:30:04,241] DESKTOP-68IO8EJ/INFO/locust.main: Starting Locust 2.43.3
[2026-03-25 15:30:04,244] DESKTOP-68IO8EJ/INFO/locust.main: Starting web interface at http://localhost:8089, press enter to open your default browser.
[2026-03-25 15:30:11,073] DESKTOP-68IO8EJ/INFO/locust.runners: Shape test starting.
[2026-03-25 15:30:11,074] DESKTOP-68IO8EJ/INFO/locust.runners: Shape worker starting
[2026-03-25 15:30:11,077] DESKTOP-68IO8EJ/INFO/locust.runners: Shape test updating to 30 users at 10.00 spawn rate
[2026-03-25 15:30:11,078] DESKTOP-68IO8EJ/INFO/locust.runners: Ramping to 30 users at a rate of 10.00 per second
[2026-03-25 15:30:13,103] DESKTOP-68IO8EJ/INFO/locust.runners: All users spawned: {"WebsiteUser": 30} (30 total users)
[2026-03-25 15:30:31,201] DESKTOP-68IO8EJ/INFO/locust.runners: Shape test updating to 60 users at 10.00 spawn rate
[2026-03-25 15:30:31,201] DESKTOP-68IO8EJ/INFO/locust.runners: Ramping to 60 users at a rate of 10.00 per second
[2026-03-25 15:30:33,206] DESKTOP-68IO8EJ/INFO/locust.runners: All users spawned: {"WebsiteUser": 60} (60 total users)
[2026-03-25 15:30:51,316] DESKTOP-68IO8EJ/INFO/locust.runners: Shape test updating to 90 users at 10.00 spawn rate
[2026-03-25 15:30:51,317] DESKTOP-68IO8EJ/INFO/locust.runners: Ramping to 90 users at a rate of 10.00 per second
[2026-03-25 15:30:53,327] DESKTOP-68IO8EJ/INFO/locust.runners: All users spawned: {"WebsiteUser": 90} (90 total users)
[2026-03-25 15:31:11,433] DESKTOP-68IO8EJ/INFO/locust.runners: Shape test updating to 120 users at 10.00 spawn rate
[2026-03-25 15:31:11,434] DESKTOP-68IO8EJ/INFO/locust.runners: Ramping to 120 users at a rate of 10.00 per second
[2026-03-25 15:31:13,443] DESKTOP-68IO8EJ/INFO/locust.runners: All users spawned: {"WebsiteUser": 120} (120 total users)
[2026-03-25 15:31:31,818] DESKTOP-68IO8EJ/INFO/locust.runners: Shape test updating to 150 users at 10.00 spawn rate
[2026-03-25 15:31:31,823] DESKTOP-68IO8EJ/INFO/locust.runners: Ramping to 150 users at a rate of 10.00 per second
[2026-03-25 15:31:33,843] DESKTOP-68IO8EJ/INFO/locust.runners: All users spawned: {"WebsiteUser": 150} (150 total users)
[2026-03-25 15:31:51,922] DESKTOP-68IO8EJ/INFO/locust.runners: Shape test updating to 180 users at 10.00 spawn rate
[2026-03-25 15:31:51,923] DESKTOP-68IO8EJ/INFO/locust.runners: Ramping to 180 users at a rate of 10.00 per second
[2026-03-25 15:31:53,941] DESKTOP-68IO8EJ/INFO/locust.runners: All users spawned: {"WebsiteUser": 180} (180 total users)
[2026-03-25 15:32:11,087] DESKTOP-68IO8EJ/INFO/locust.runners: Shape test updating to 210 users at 10.00 spawn rate
[2026-03-25 15:32:11,088] DESKTOP-68IO8EJ/INFO/locust.runners: Ramping to 210 users at a rate of 10.00 per second
[2026-03-25 15:32:13,091] DESKTOP-68IO8EJ/INFO/locust.runners: All users spawned: {"WebsiteUser": 210} (210 total users)
[2026-03-25 15:32:31,219] DESKTOP-68IO8EJ/INFO/locust.runners: Shape test updating to 240 users at 10.00 spawn rate
[2026-03-25 15:32:31,220] DESKTOP-68IO8EJ/INFO/locust.runners: Ramping to 240 users at a rate of 10.00 per second
[2026-03-25 15:32:33,233] DESKTOP-68IO8EJ/INFO/locust.runners: All users spawned: {"WebsiteUser": 240} (240 total users)
[2026-03-25 15:32:51,348] DESKTOP-68IO8EJ/INFO/locust.runners: Shape test updating to 270 users at 10.00 spawn rate
[2026-03-25 15:32:51,349] DESKTOP-68IO8EJ/INFO/locust.runners: Ramping to 270 users at a rate of 10.00 per second
[2026-03-25 15:32:53,372] DESKTOP-68IO8EJ/INFO/locust.runners: All users spawned: {"WebsiteUser": 270} (270 total users)
[2026-03-25 15:33:11,557] DESKTOP-68IO8EJ/INFO/locust.runners: Shape test updating to 300 users at 10.00 spawn rate
[2026-03-25 15:33:11,558] DESKTOP-68IO8EJ/INFO/locust.runners: Ramping to 300 users at a rate of 10.00 per second
[2026-03-25 15:33:13,586] DESKTOP-68IO8EJ/INFO/locust.runners: All users spawned: {"WebsiteUser": 300} (300 total users)
[2026-03-25 15:33:31,701] DESKTOP-68IO8EJ/INFO/locust.runners: Shape test updating to 330 users at 10.00 spawn rate
[2026-03-25 15:33:31,702] DESKTOP-68IO8EJ/INFO/locust.runners: Ramping to 330 users at a rate of 10.00 per second
[2026-03-25 15:33:33,728] DESKTOP-68IO8EJ/INFO/locust.runners: All users spawned: {"WebsiteUser": 330} (330 total users)
[2026-03-25 15:33:51,865] DESKTOP-68IO8EJ/INFO/locust.runners: Shape test updating to 360 users at 10.00 spawn rate
[2026-03-25 15:33:51,866] DESKTOP-68IO8EJ/INFO/locust.runners: Ramping to 360 users at a rate of 10.00 per second
[2026-03-25 15:33:53,890] DESKTOP-68IO8EJ/INFO/locust.runners: All users spawned: {"WebsiteUser": 360} (360 total users)
[2026-03-25 15:34:12,003] DESKTOP-68IO8EJ/INFO/locust.runners: Shape test updating to 390 users at 10.00 spawn rate
[2026-03-25 15:34:12,003] DESKTOP-68IO8EJ/INFO/locust.runners: Ramping to 390 users at a rate of 10.00 per second
[2026-03-25 15:34:14,027] DESKTOP-68IO8EJ/INFO/locust.runners: All users spawned: {"WebsiteUser": 390} (390 total users)
[2026-03-25 15:34:31,151] DESKTOP-68IO8EJ/INFO/locust.runners: Shape test updating to 420 users at 10.00 spawn rate
[2026-03-25 15:34:31,152] DESKTOP-68IO8EJ/INFO/locust.runners: Ramping to 420 users at a rate of 10.00 per second
[2026-03-25 15:34:33,165] DESKTOP-68IO8EJ/INFO/locust.runners: All users spawned: {"WebsiteUser": 420} (420 total users)
[2026-03-25 15:34:51,284] DESKTOP-68IO8EJ/INFO/locust.runners: Shape test updating to 450 users at 10.00 spawn rate
[2026-03-25 15:34:51,285] DESKTOP-68IO8EJ/INFO/locust.runners: Ramping to 450 users at a rate of 10.00 per second
[2026-03-25 15:34:53,300] DESKTOP-68IO8EJ/INFO/locust.runners: All users spawned: {"WebsiteUser": 450} (450 total users)
[2026-03-25 15:35:11,474] DESKTOP-68IO8EJ/INFO/locust.runners: Shape test updating to 480 users at 10.00 spawn rate
[2026-03-25 15:35:11,474] DESKTOP-68IO8EJ/INFO/locust.runners: Ramping to 480 users at a rate of 10.00 per second
[2026-03-25 15:35:13,497] DESKTOP-68IO8EJ/INFO/locust.runners: All users spawned: {"WebsiteUser": 480} (480 total users)
[2026-03-25 15:35:22,159] DESKTOP-68IO8EJ/INFO/locust.main: Shutting down (exit code 1)
[2026-03-25 16:47:04,732] DESKTOP-68IO8EJ/INFO/locust.main: Starting Locust 2.43.3
[2026-03-25 16:47:04,735] DESKTOP-68IO8EJ/INFO/locust.main: Starting web interface at http://localhost:8089, press enter to open your default browser.
[2026-03-25 16:47:16,216] DESKTOP-68IO8EJ/INFO/locust.runners: Shape test starting.
[2026-03-25 16:47:16,218] DESKTOP-68IO8EJ/INFO/locust.runners: Shape worker starting
[2026-03-25 16:47:16,218] DESKTOP-68IO8EJ/INFO/locust.runners: Shape test updating to 30 users at 10.00 spawn rate
[2026-03-25 16:47:16,218] DESKTOP-68IO8EJ/INFO/locust.runners: Ramping to 30 users at a rate of 10.00 per second
[2026-03-25 16:47:18,219] DESKTOP-68IO8EJ/INFO/locust.runners: All users spawned: {"WebsiteUser": 30} (30 total users)
[2026-03-25 16:47:36,295] DESKTOP-68IO8EJ/INFO/locust.runners: Shape test updating to 60 users at 10.00 spawn rate
[2026-03-25 16:47:36,295] DESKTOP-68IO8EJ/INFO/locust.runners: Ramping to 60 users at a rate of 10.00 per second
[2026-03-25 16:47:38,312] DESKTOP-68IO8EJ/INFO/locust.runners: All users spawned: {"WebsiteUser": 60} (60 total users)
[2026-03-25 16:47:56,400] DESKTOP-68IO8EJ/INFO/locust.runners: Shape test updating to 90 users at 10.00 spawn rate
[2026-03-25 16:47:56,400] DESKTOP-68IO8EJ/INFO/locust.runners: Ramping to 90 users at a rate of 10.00 per second
[2026-03-25 16:47:58,404] DESKTOP-68IO8EJ/INFO/locust.runners: All users spawned: {"WebsiteUser": 90} (90 total users)
[2026-03-25 16:48:16,531] DESKTOP-68IO8EJ/INFO/locust.runners: Shape test updating to 120 users at 10.00 spawn rate
[2026-03-25 16:48:16,532] DESKTOP-68IO8EJ/INFO/locust.runners: Ramping to 120 users at a rate of 10.00 per second
[2026-03-25 16:48:18,535] DESKTOP-68IO8EJ/INFO/locust.runners: All users spawned: {"WebsiteUser": 120} (120 total users)
[2026-03-25 16:48:36,634] DESKTOP-68IO8EJ/INFO/locust.runners: Shape test updating to 150 users at 10.00 spawn rate
[2026-03-25 16:48:36,635] DESKTOP-68IO8EJ/INFO/locust.runners: Ramping to 150 users at a rate of 10.00 per second
[2026-03-25 16:48:38,651] DESKTOP-68IO8EJ/INFO/locust.runners: All users spawned: {"WebsiteUser": 150} (150 total users)
[2026-03-25 16:48:56,772] DESKTOP-68IO8EJ/INFO/locust.runners: Shape test updating to 180 users at 10.00 spawn rate
[2026-03-25 16:48:56,773] DESKTOP-68IO8EJ/INFO/locust.runners: Ramping to 180 users at a rate of 10.00 per second
[2026-03-25 16:48:58,773] DESKTOP-68IO8EJ/INFO/locust.runners: All users spawned: {"WebsiteUser": 180} (180 total users)
[2026-03-25 16:58:24,488] DESKTOP-68IO8EJ/INFO/locust.main: Shutting down (exit code 0)
[2026-03-25 17:00:29,539] DESKTOP-68IO8EJ/INFO/locust.main: Starting Locust 2.43.3
[2026-03-25 17:00:29,540] DESKTOP-68IO8EJ/INFO/locust.main: Starting web interface at http://localhost:8089, press enter to open your default browser.
[2026-03-25 17:00:34,943] DESKTOP-68IO8EJ/INFO/locust.runners: Shape test starting.
[2026-03-25 17:00:34,944] DESKTOP-68IO8EJ/INFO/locust.runners: Shape worker starting
[2026-03-25 17:00:34,945] DESKTOP-68IO8EJ/INFO/locust.runners: Shape test updating to 30 users at 10.00 spawn rate
[2026-03-25 17:00:34,945] DESKTOP-68IO8EJ/INFO/locust.runners: Ramping to 30 users at a rate of 10.00 per second
[2026-03-25 17:00:36,962] DESKTOP-68IO8EJ/INFO/locust.runners: All users spawned: {"WebsiteUser": 30} (30 total users)
[2026-03-25 17:00:55,067] DESKTOP-68IO8EJ/INFO/locust.runners: Shape test updating to 60 users at 10.00 spawn rate
[2026-03-25 17:00:55,068] DESKTOP-68IO8EJ/INFO/locust.runners: Ramping to 60 users at a rate of 10.00 per second
[2026-03-25 17:00:57,088] DESKTOP-68IO8EJ/INFO/locust.runners: All users spawned: {"WebsiteUser": 60} (60 total users)
[2026-03-25 17:01:15,190] DESKTOP-68IO8EJ/INFO/locust.runners: Shape test updating to 90 users at 10.00 spawn rate
[2026-03-25 17:01:15,191] DESKTOP-68IO8EJ/INFO/locust.runners: Ramping to 90 users at a rate of 10.00 per second
[2026-03-25 17:01:17,209] DESKTOP-68IO8EJ/INFO/locust.runners: All users spawned: {"WebsiteUser": 90} (90 total users)
[2026-03-25 17:01:35,299] DESKTOP-68IO8EJ/INFO/locust.runners: Shape test updating to 120 users at 10.00 spawn rate
[2026-03-25 17:01:35,300] DESKTOP-68IO8EJ/INFO/locust.runners: Ramping to 120 users at a rate of 10.00 per second
[2026-03-25 17:01:37,316] DESKTOP-68IO8EJ/INFO/locust.runners: All users spawned: {"WebsiteUser": 120} (120 total users)
[2026-03-25 17:01:55,425] DESKTOP-68IO8EJ/INFO/locust.runners: Shape test updating to 150 users at 10.00 spawn rate
[2026-03-25 17:01:55,427] DESKTOP-68IO8EJ/INFO/locust.runners: Ramping to 150 users at a rate of 10.00 per second
[2026-03-25 17:01:57,432] DESKTOP-68IO8EJ/INFO/locust.runners: All users spawned: {"WebsiteUser": 150} (150 total users)
[2026-03-25 17:02:15,581] DESKTOP-68IO8EJ/INFO/locust.runners: Shape test updating to 180 users at 10.00 spawn rate
[2026-03-25 17:02:15,581] DESKTOP-68IO8EJ/INFO/locust.runners: Ramping to 180 users at a rate of 10.00 per second
[2026-03-25 17:02:17,597] DESKTOP-68IO8EJ/INFO/locust.runners: All users spawned: {"WebsiteUser": 180} (180 total users)
[2026-03-25 17:02:23,395] DESKTOP-68IO8EJ/INFO/locust.main: Shutting down (exit code 1)
[2026-03-25 17:08:59,243] DESKTOP-68IO8EJ/INFO/locust.main: Starting Locust 2.43.3
[2026-03-25 17:08:59,247] DESKTOP-68IO8EJ/INFO/locust.main: Starting web interface at http://localhost:8089, press enter to open your default browser.
[2026-03-25 17:09:05,836] DESKTOP-68IO8EJ/INFO/locust.runners: Shape test starting.
[2026-03-25 17:09:05,837] DESKTOP-68IO8EJ/INFO/locust.runners: Shape worker starting
[2026-03-25 17:09:05,837] DESKTOP-68IO8EJ/INFO/locust.runners: Shape test updating to 30 users at 10.00 spawn rate
[2026-03-25 17:09:05,837] DESKTOP-68IO8EJ/INFO/locust.runners: Ramping to 30 users at a rate of 10.00 per second
[2026-03-25 17:09:07,846] DESKTOP-68IO8EJ/INFO/locust.runners: All users spawned: {"WebsiteUser": 30} (30 total users)
[2026-03-25 17:09:25,979] DESKTOP-68IO8EJ/INFO/locust.runners: Shape test updating to 60 users at 10.00 spawn rate
[2026-03-25 17:09:25,981] DESKTOP-68IO8EJ/INFO/locust.runners: Ramping to 60 users at a rate of 10.00 per second
[2026-03-25 17:09:27,982] DESKTOP-68IO8EJ/INFO/locust.runners: All users spawned: {"WebsiteUser": 60} (60 total users)
[2026-03-25 17:09:46,071] DESKTOP-68IO8EJ/INFO/locust.runners: Shape test updating to 90 users at 10.00 spawn rate
[2026-03-25 17:09:46,072] DESKTOP-68IO8EJ/INFO/locust.runners: Ramping to 90 users at a rate of 10.00 per second
[2026-03-25 17:09:48,079] DESKTOP-68IO8EJ/INFO/locust.runners: All users spawned: {"WebsiteUser": 90} (90 total users)
[2026-03-25 17:10:06,206] DESKTOP-68IO8EJ/INFO/locust.runners: Shape test updating to 120 users at 10.00 spawn rate
[2026-03-25 17:10:06,207] DESKTOP-68IO8EJ/INFO/locust.runners: Ramping to 120 users at a rate of 10.00 per second
[2026-03-25 17:10:08,221] DESKTOP-68IO8EJ/INFO/locust.runners: All users spawned: {"WebsiteUser": 120} (120 total users)
[2026-03-25 17:10:26,328] DESKTOP-68IO8EJ/INFO/locust.runners: Shape test updating to 150 users at 10.00 spawn rate
[2026-03-25 17:10:26,330] DESKTOP-68IO8EJ/INFO/locust.runners: Ramping to 150 users at a rate of 10.00 per second
[2026-03-25 17:10:28,340] DESKTOP-68IO8EJ/INFO/locust.runners: All users spawned: {"WebsiteUser": 150} (150 total users)
[2026-03-25 17:10:46,405] DESKTOP-68IO8EJ/INFO/locust.runners: Shape test updating to 180 users at 10.00 spawn rate
[2026-03-25 17:10:46,407] DESKTOP-68IO8EJ/INFO/locust.runners: Ramping to 180 users at a rate of 10.00 per second
[2026-03-25 17:10:48,416] DESKTOP-68IO8EJ/INFO/locust.runners: All users spawned: {"WebsiteUser": 180} (180 total users)
[2026-03-25 17:11:06,475] DESKTOP-68IO8EJ/INFO/locust.runners: Shape test updating to 210 users at 10.00 spawn rate
[2026-03-25 17:11:06,475] DESKTOP-68IO8EJ/INFO/locust.runners: Ramping to 210 users at a rate of 10.00 per second
[2026-03-25 17:11:08,476] DESKTOP-68IO8EJ/INFO/locust.runners: All users spawned: {"WebsiteUser": 210} (210 total users)
[2026-03-25 17:11:26,567] DESKTOP-68IO8EJ/INFO/locust.runners: Shape test updating to 240 users at 10.00 spawn rate
[2026-03-25 17:11:26,567] DESKTOP-68IO8EJ/INFO/locust.runners: Ramping to 240 users at a rate of 10.00 per second
[2026-03-25 17:11:28,568] DESKTOP-68IO8EJ/INFO/locust.runners: All users spawned: {"WebsiteUser": 240} (240 total users)
[2026-03-25 17:11:46,646] DESKTOP-68IO8EJ/INFO/locust.runners: Shape test updating to 270 users at 10.00 spawn rate
[2026-03-25 17:11:46,647] DESKTOP-68IO8EJ/INFO/locust.runners: Ramping to 270 users at a rate of 10.00 per second
[2026-03-25 17:11:48,664] DESKTOP-68IO8EJ/INFO/locust.runners: All users spawned: {"WebsiteUser": 270} (270 total users)
[2026-03-25 17:12:06,728] DESKTOP-68IO8EJ/INFO/locust.runners: Shape test updating to 300 users at 10.00 spawn rate
[2026-03-25 17:12:06,730] DESKTOP-68IO8EJ/INFO/locust.runners: Ramping to 300 users at a rate of 10.00 per second
[2026-03-25 17:12:08,731] DESKTOP-68IO8EJ/INFO/locust.runners: All users spawned: {"WebsiteUser": 300} (300 total users)
[2026-03-25 17:12:26,781] DESKTOP-68IO8EJ/INFO/locust.runners: Shape test updating to 330 users at 10.00 spawn rate
[2026-03-25 17:12:26,782] DESKTOP-68IO8EJ/INFO/locust.runners: Ramping to 330 users at a rate of 10.00 per second
[2026-03-25 17:12:28,788] DESKTOP-68IO8EJ/INFO/locust.runners: All users spawned: {"WebsiteUser": 330} (330 total users)
[2026-03-25 17:12:46,822] DESKTOP-68IO8EJ/INFO/locust.runners: Shape test updating to 360 users at 10.00 spawn rate
[2026-03-25 17:12:46,823] DESKTOP-68IO8EJ/INFO/locust.runners: Ramping to 360 users at a rate of 10.00 per second
[2026-03-25 17:12:48,830] DESKTOP-68IO8EJ/INFO/locust.runners: All users spawned: {"WebsiteUser": 360} (360 total users)
[2026-03-25 17:13:05,896] DESKTOP-68IO8EJ/INFO/locust.runners: Shape test updating to 390 users at 10.00 spawn rate
[2026-03-25 17:13:05,897] DESKTOP-68IO8EJ/INFO/locust.runners: Ramping to 390 users at a rate of 10.00 per second
[2026-03-25 17:13:07,900] DESKTOP-68IO8EJ/INFO/locust.runners: All users spawned: {"WebsiteUser": 390} (390 total users)
[2026-03-25 17:13:25,970] DESKTOP-68IO8EJ/INFO/locust.runners: Shape test updating to 420 users at 10.00 spawn rate
[2026-03-25 17:13:25,970] DESKTOP-68IO8EJ/INFO/locust.runners: Ramping to 420 users at a rate of 10.00 per second
[2026-03-25 17:13:27,975] DESKTOP-68IO8EJ/INFO/locust.runners: All users spawned: {"WebsiteUser": 420} (420 total users)
[2026-03-25 17:13:46,016] DESKTOP-68IO8EJ/INFO/locust.runners: Shape test updating to 450 users at 10.00 spawn rate
[2026-03-25 17:13:46,017] DESKTOP-68IO8EJ/INFO/locust.runners: Ramping to 450 users at a rate of 10.00 per second
[2026-03-25 17:13:48,032] DESKTOP-68IO8EJ/INFO/locust.runners: All users spawned: {"WebsiteUser": 450} (450 total users)
[2026-03-25 17:14:06,069] DESKTOP-68IO8EJ/INFO/locust.runners: Shape test updating to 480 users at 10.00 spawn rate
[2026-03-25 17:14:06,072] DESKTOP-68IO8EJ/INFO/locust.runners: Ramping to 480 users at a rate of 10.00 per second
[2026-03-25 17:14:08,096] DESKTOP-68IO8EJ/INFO/locust.runners: All users spawned: {"WebsiteUser": 480} (480 total users)
[2026-03-25 17:14:12,630] DESKTOP-68IO8EJ/INFO/locust.main: Shutting down (exit code 0)
